mode: set
github.com/muhaidil13/booking/internal/render/render.go:24.39,26.2 1 1
github.com/muhaidil13/booking/internal/render/render.go:29.81,36.2 5 1
github.com/muhaidil13/booking/internal/render/render.go:38.102,42.18 2 1
github.com/muhaidil13/booking/internal/render/render.go:49.2,50.9 2 1
github.com/muhaidil13/booking/internal/render/render.go:54.2,62.16 5 1
github.com/muhaidil13/booking/internal/render/render.go:66.2,66.12 1 1
github.com/muhaidil13/booking/internal/render/render.go:42.18,44.3 1 0
github.com/muhaidil13/booking/internal/render/render.go:44.8,46.3 1 1
github.com/muhaidil13/booking/internal/render/render.go:50.9,53.3 2 0
github.com/muhaidil13/booking/internal/render/render.go:62.16,65.3 2 0
github.com/muhaidil13/booking/internal/render/render.go:71.62,74.16 3 1
github.com/muhaidil13/booking/internal/render/render.go:77.2,77.25 1 1
github.com/muhaidil13/booking/internal/render/render.go:96.2,96.21 1 1
github.com/muhaidil13/booking/internal/render/render.go:74.16,76.3 1 0
github.com/muhaidil13/booking/internal/render/render.go:77.25,81.17 3 1
github.com/muhaidil13/booking/internal/render/render.go:84.3,85.17 2 1
github.com/muhaidil13/booking/internal/render/render.go:88.3,88.22 1 1
github.com/muhaidil13/booking/internal/render/render.go:81.17,83.4 1 0
github.com/muhaidil13/booking/internal/render/render.go:85.17,87.4 1 0
github.com/muhaidil13/booking/internal/render/render.go:88.22,90.18 2 1
github.com/muhaidil13/booking/internal/render/render.go:93.4,93.22 1 1
github.com/muhaidil13/booking/internal/render/render.go:90.18,92.5 1 0
